C51 COMPILER V9.60.0.0   LAB3                                                              01/30/2020 15:45:29 PAGE 1   


C51 COMPILER V9.60.0.0, COMPILATION OF MODULE LAB3
OBJECT MODULE PLACED IN .\Objects\lab3.obj
COMPILER INVOKED BY: C:\Keil_v5\C51\BIN\C51.EXE lab3.c OPTIMIZE(8,SPEED) BROWSE DEBUG OBJECTEXTEND PRINT(.\Listings\lab3
                    -.lst) TABS(2) OBJECT(.\Objects\lab3.obj)

line level    source

   1          //QUE 3 a)
   2          /*
   3          #include <reg51.h>
   4          
   5          unsigned char MSB = 0x0F, LSB = 0xFC;
   6          bit x = 1;
   7          
   8          
   9          void main()
  10          {
  11            
  12            TMOD = 0X01;
  13            EA = 1;
  14            ET0 = 1;
  15            TH0 = MSB;
  16            TL0 = LSB;
  17            P1 = 0x00;
  18            TR0 = 1;
  19            while (1)
  20            {
  21              if (x == 1)
  22              {
  23                x = 0;
  24                P1 = ~P1;
  25              }
  26            }
  27          }
  28          
  29          void delay() interrupt 1
  30          {
  31            static unsigned char int_cntr = 0;
  32            int_cntr++;
  33            if (int_cntr == 50)
  34            {
  35              x = 1;
  36              int_cntr = 0;
  37              TH0 = MSB;
  38              TL0 = LSB;
  39            }
  40          }
  41          */
  42          
  43          
  44          // QUE 3 b)
  45          
  46          #include <reg51.h>
  47          
  48          unsigned char MSB_on = 0xfd, LSB_on = 0x9a, MSB_off = 0xf6 , LSB_off = 0x66;
  49          bit x = 1;
  50          sbit PWM = P1^1;
  51          sbit  switch_bit = P2^1;
  52          
  53          
  54          void main()
C51 COMPILER V9.60.0.0   LAB3                                                              01/30/2020 15:45:29 PAGE 2   

  55          {
  56   1        
  57   1        TMOD = 0X01;
  58   1        EA = 1;
  59   1        ET0 = 1;
  60   1        TH0 = MSB_on;
  61   1        TL0 = LSB_on;
  62   1        TR0 = 1;
  63   1      
  64   1        while (1)
  65   1        {
  66   2          if (switch_bit == 0)
  67   2          {
  68   3            MSB_on = 0xfd;
  69   3            LSB_on = 0x9a;
  70   3            MSB_off = 0xf6;
  71   3            LSB_off = 0x66;
  72   3            if (x == 1)
  73   3            {
  74   4              x = 0;
  75   4              PWM = ~PWM;
  76   4            }
  77   3          }
  78   2          else
  79   2          {
  80   3            MSB_on = 0xf1;
  81   3            LSB_on = 0x99;
  82   3            MSB_off = 0xf6;
  83   3            LSB_off = 0x66;
  84   3            if (x == 1)
  85   3            {
  86   4              x = 0;
  87   4              PWM = ~PWM;
  88   4            }   
  89   3          }
  90   2        }
  91   1      }
  92          
  93          
  94          void delay() interrupt 1
  95          {
  96   1          x = 1;
  97   1          if (PWM == 1)
  98   1          {
  99   2            TH0 = MSB_off;
 100   2            TL0 = LSB_off;
 101   2          }
 102   1          else if (PWM == 0)
 103   1          {
 104   2            TH0 = MSB_on;
 105   2            TL0 = LSB_on;
 106   2          }
 107   1      }


MODULE INFORMATION:   STATIC OVERLAYABLE
   CODE SIZE        =     82    ----
   CONSTANT SIZE    =   ----    ----
   XDATA SIZE       =   ----    ----
   PDATA SIZE       =   ----    ----
   DATA SIZE        =      4    ----
   IDATA SIZE       =   ----    ----
C51 COMPILER V9.60.0.0   LAB3                                                              01/30/2020 15:45:29 PAGE 3   

   BIT SIZE         =      1    ----
END OF MODULE INFORMATION.


C51 COMPILATION COMPLETE.  0 WARNING(S),  0 ERROR(S)
