C51 COMPILER V9.60.0.0   LAB5                                                              02/20/2020 15:45:47 PAGE 1   


C51 COMPILER V9.60.0.0, COMPILATION OF MODULE LAB5
OBJECT MODULE PLACED IN .\Objects\lab5.obj
COMPILER INVOKED BY: C:\Keil_v5\C51\BIN\C51.EXE lab5.c OPTIMIZE(8,SPEED) BROWSE DEBUG OBJECTEXTEND PRINT(.\Listings\lab5
                    -.lst) TABS(2) OBJECT(.\Objects\lab5.obj)

line level    source

   1          //question 5
   2          
   3          #include <reg51.h>
   4          #include <stdio.h>
   5          
   6          unsigned char lookUpTable[10] = {0x3f, 0x06, 0x5b, 0x4f, 0x66, 0x6d, 0x7d, 0x07, 0x7f, 0x67};
   7          unsigned char MSB, LSB;
   8          unsigned char num, counter;
   9          
  10          bit updateFlag;
  11          
  12          void delay(void);
  13          void display(unsigned char, unsigned char);
  14          
  15          void main(){
  16   1        unsigned char disp_posi = 0;
  17   1        MSB = 0xf4;
  18   1        LSB = 0x00;
  19   1        TMOD = 0x01;
  20   1        TH0 = MSB;
  21   1        TL0 = LSB;
  22   1        EA = 1;
  23   1        ET0 = 1;
  24   1        TR0 = 1;
  25   1        num = 0;
  26   1        while(1){
  27   2          for (counter = 0; counter <= 9; counter++){
  28   3            display(lookUpTable[num], disp_posi);
  29   3          }
  30   2          
  31   2          disp_posi++;
  32   2          disp_posi = disp_posi % 4;
  33   2          
  34   2          if (updateFlag == 1){
  35   3            updateFlag = 0;
  36   3            num++;
  37   3            num = num % 10;
  38   3          } 
  39   2        } 
  40   1      }
  41          void delay() interrupt 1{
  42   1        static int count = 0;
  43   1        count++;
  44   1        TH0 = MSB;
  45   1        TL0 = LSB;
  46   1        if (count == 1000){
  47   2          count = 0;
  48   2          updateFlag = 1;
  49   2        }
  50   1      }
  51          
  52          void display(unsigned char number, unsigned char position){
  53   1        P0 = number;
  54   1        if (position == 0)
C51 COMPILER V9.60.0.0   LAB5                                                              02/20/2020 15:45:47 PAGE 2   

  55   1          P2 = 0x00;
  56   1        else if (position == 1)
  57   1          P2 = 0x20;
  58   1        else if (position == 2)
  59   1          P2 = 0x40;
  60   1        else if (position == 3)
  61   1          P2 = 0x60;
  62   1        else
  63   1          printf("Position Out of Bounds \n");
  64   1      }


MODULE INFORMATION:   STATIC OVERLAYABLE
   CODE SIZE        =    170    ----
   CONSTANT SIZE    =     25    ----
   XDATA SIZE       =   ----    ----
   PDATA SIZE       =   ----    ----
   DATA SIZE        =     16       1
   IDATA SIZE       =   ----    ----
   BIT SIZE         =      1    ----
END OF MODULE INFORMATION.


C51 COMPILATION COMPLETE.  0 WARNING(S),  0 ERROR(S)
