C51 COMPILER V9.60.0.0   LAB4                                                              02/13/2020 15:47:29 PAGE 1   


C51 COMPILER V9.60.0.0, COMPILATION OF MODULE LAB4
OBJECT MODULE PLACED IN .\Objects\lab4.obj
COMPILER INVOKED BY: C:\Keil_v5\C51\BIN\C51.EXE lab4.c OPTIMIZE(8,SPEED) BROWSE DEBUG OBJECTEXTEND PRINT(.\Listings\lab4
                    -.lst) TABS(2) OBJECT(.\Objects\lab4.obj)

line level    source

   1          //Que 4) a)
   2          
   3          //#include<reg51.h>
   4          //bit x = 0;
   5          //static unsigned char i;
   6          //void isr(void);
   7          //void main()
   8          //{
   9          //  TMOD = 0x20;
  10          //  EA = 1;
  11          //  ET1 = 1;
  12          //  
  13          //  TH1 = 0xc3;
  14          //  
  15          //  P2 = 0xFF;
  16          //  
  17          //  TR1 = 1;
  18          //  
  19          //  while(1)
  20          //  {
  21          //    if (x == 1)
  22          //    {
  23          //      x=0;
  24          //      P2 = ~P2;
  25          //      
  26          //      if (P2 == 0xFF){
  27          //        i = 0;
  28          //      }
  29          //      else{
  30          //        i = 3;
  31          //      }
  32          //    }
  33          //  }
  34          //}
  35          
  36          //void isr(void) interrupt 3
  37          //{
  38          //  if(i != 0){
  39          //    i--;
  40          //  }
  41          //  else{
  42          //    x = 1;
  43          //  }
  44          //}
  45          
  46          // Que 4) b)
  47          
  48          
  49          #include<reg51.h>
  50          sbit pin = P1^1;
  51          bit pin_flag, pwm_flag = 0, timer_flag;
  52          int MSB, LSB;
  53          
  54          void ext0(void);
C51 COMPILER V9.60.0.0   LAB4                                                              02/13/2020 15:47:29 PAGE 2   

  55          void ext1(void);
  56          void timer0(void);
  57          
  58          void main(){
  59   1        TMOD = 0x01;
  60   1        EA = 1;
  61   1        EX0 = 1;
  62   1        EX1 = 1;
  63   1        ET0 = 1;
  64   1        IT0 = 1;  //FOR EDGE TRIGGERING
  65   1        IT1 = 1;  //FOR EDGE TRIGGERING
  66   1        P2 = 0xFF;
  67   1        MSB = 0xFB; 
  68   1        LSB = 0XCD;
  69   1        TH0 = MSB;
  70   1        TL0 = LSB;
  71   1        TR0 = 1;
  72   1        
  73   1        while (1){
  74   2          if (pin_flag == 1){
  75   3            pin_flag = 0;
  76   3            pin = ~pin;
  77   3          }
  78   2          else if (pwm_flag == 1){
  79   3            if (timer_flag == 1){
  80   4              P2 = ~P2;
  81   4              if (P2 == 0x00){
  82   5                MSB = 0xF1;
  83   5                LSB = 0x00;
  84   5              }
  85   4              else if (P2 == 0xFF){
  86   5                MSB = 0xf1;
  87   5                LSB = 0x00;
  88   5              }
  89   4            }
  90   3          }
  91   2        }
  92   1        
  93   1      }
  94          
  95          void ext0(void) interrupt 0{
  96   1        pin_flag = 1;
  97   1      }
  98          
  99          void ext1(void) interrupt 2{
 100   1        pwm_flag = ~pwm_flag;
 101   1      }
 102          
 103          void timer0(void) interrupt 1{
 104   1          timer_flag = 1;
 105   1          TH0 = MSB;
 106   1          TL0 = LSB;
 107   1      }


MODULE INFORMATION:   STATIC OVERLAYABLE
   CODE SIZE        =    104    ----
   CONSTANT SIZE    =   ----    ----
   XDATA SIZE       =   ----    ----
   PDATA SIZE       =   ----    ----
   DATA SIZE        =      4    ----
   IDATA SIZE       =   ----    ----
C51 COMPILER V9.60.0.0   LAB4                                                              02/13/2020 15:47:29 PAGE 3   

   BIT SIZE         =      3    ----
END OF MODULE INFORMATION.


C51 COMPILATION COMPLETE.  0 WARNING(S),  0 ERROR(S)
