C51 COMPILER V9.60.0.0   LAB_1                                                             01/16/2020 15:50:39 PAGE 1   


C51 COMPILER V9.60.0.0, COMPILATION OF MODULE LAB_1
OBJECT MODULE PLACED IN .\Objects\Lab 1.obj
COMPILER INVOKED BY: C:\Keil_v5\C51\BIN\C51.EXE Lab 1.c OPTIMIZE(8,SPEED) BROWSE DEBUG OBJECTEXTEND PRINT(.\Listings\Lab
                    - 1.lst) TABS(2) OBJECT(.\Objects\Lab 1.obj)

line level    source

   1          //QUE 1 A)
   2          
   3          #include <reg51.h>// library containing all the registers for the given micro-controller
   4          
   5          unsigned int i,j; // use unsigned if you know the variable isnt going to be negative
   6          
   7          void delay(void);  // function protocol
   8          
   9          void main()
  10          {
  11   1        P1=0xFF;
  12   1        while(1)
  13   1        {
  14   2           //initially all the LEDs on
  15   2          for (i=0; i<1000; i++)
  16   2        {
  17   3          ;
  18   3        }
  19   2          P1= ~P1;
  20   2      
  21   2        }
  22   1      }
  23          
  24          void delay()
  25          {
  26   1        for (i=0; i<1000; i++)
  27   1        {
  28   2          ;
  29   2        }
  30   1      }
  31          
  32          //QUE 1 B)
  33          //#include <reg51.h>// library containing all the registers for the given micro-controller
  34          
  35          //unsigned int i; // use unsigned if you know the variable isnt going to be negative
  36          
  37          //void delay(void);  // function protocol
  38          
  39          //void main()
  40          //{
  41          //  while(1)
  42          //  {
  43          //    P1=0xAA; //initially all the LEDs on
  44          //    delay();
  45          //    P1= ~P1;
  46          //    delay();
  47          //  }
  48          //}
  49          
  50          //void delay()
  51          //{
  52          //  for (i=0; i<1000; i++)
  53          //  {
  54          //    ;
C51 COMPILER V9.60.0.0   LAB_1                                                             01/16/2020 15:50:39 PAGE 2   

  55          //  }
  56          //}
  57          
  58          // QUE 1 C)
  59          //#include <reg51.h>// library containing all the registers for the given micro-controller
  60          
  61          //unsigned int i; // use unsigned if you know the variable isnt going to be negative
  62          
  63          //void delay(void);  // function protocol
  64          
  65          //void main()
  66          //{
  67          //  while(1)
  68          //  {
  69          //    P1=0x01; //initially all the LEDs on
  70          //    delay();
  71          //    P1=0x00;
  72          //    delay();
  73          //  }
  74          //}
  75          
  76          //void delay()
  77          //{
  78          //  for (i=0; i<1000; i++)
  79          //  {
  80          //    ;
  81          //  }
  82          //}
  83          
  84          //QUE 1 D)
  85          //#include <reg51.h>// library containing all the registers for the given micro-controller
  86          
  87          //unsigned int i;// use unsigned if you know the variable isnt going to be negative
  88          //unsigned int j;
  89          //void delay(void);  // function protocol
  90          
  91          //void main()
  92          //{ 
  93          //  while(1)
  94          //  {
  95          //    P1= 0x01;
  96          //    delay();
  97          //    for (j= 0; j< 8 ; j++)
  98          //    {
  99          //    P1 = P1<<1; 
 100          //    delay();
 101          //    } 
 102          //  }
 103          //}
 104          
 105          //void delay()
 106          //{
 107          //  for (i=0; i<65000; i++)
 108          //  {
 109          //    ;
 110          //  }
 111          //}
 112          
 113          // QUE 1 E)
 114          //#include <reg51.h>// library containing all the registers for the given micro-controller
 115          
 116          //unsigned int i;// use unsigned if you know the variable isnt going to be negative
C51 COMPILER V9.60.0.0   LAB_1                                                             01/16/2020 15:50:39 PAGE 3   

 117          //unsigned int j;
 118          //void delay(void);  // function protocol
 119          
 120          //void main()
 121          //{ 
 122          //  while(1)
 123          //  {
 124          //    P1= 0x80;
 125          //    delay();
 126          //    for (j= 0; j< 8 ; j++)
 127          //    {
 128          //    P1 = P1>>1; 
 129          //    delay();
 130          //    } 
 131          //  }
 132          //}
 133          
 134          //void delay()
 135          //{
 136          //  for (i=0; i<65000; i++)
 137          //  {
 138          //    ;
 139          //  }
 140          //}


MODULE INFORMATION:   STATIC OVERLAYABLE
   CODE SIZE        =     51    ----
   CONSTANT SIZE    =   ----    ----
   XDATA SIZE       =   ----    ----
   PDATA SIZE       =   ----    ----
   DATA SIZE        =      4    ----
   IDATA SIZE       =   ----    ----
   BIT SIZE         =   ----    ----
END OF MODULE INFORMATION.


C51 COMPILATION COMPLETE.  0 WARNING(S),  0 ERROR(S)
