C51 COMPILER V9.60.0.0   LAB2                                                              01/23/2020 09:53:27 PAGE 1   


C51 COMPILER V9.60.0.0, COMPILATION OF MODULE LAB2
OBJECT MODULE PLACED IN .\Objects\lab2.obj
COMPILER INVOKED BY: C:\Keil_v5\C51\BIN\C51.EXE lab2.c OPTIMIZE(8,SPEED) BROWSE DEBUG OBJECTEXTEND PRINT(.\Listings\lab2
                    -.lst) TABS(2) OBJECT(.\Objects\lab2.obj)

line level    source

   1          #include <reg51.h>// library containing all the registers for the given micro-controller
   2          
   3          unsigned int i; // use unsigned if you know the variable isnt going to be negative
   4          
   5          void delay(void);  // function protocol
   6          void delay1(void);
   7          
   8          void main()
   9          {
  10   1        int j;
  11   1      //  unsigned int pin;
  12   1        P2= 0x00;
  13   1      //  pin = P2^1;
  14   1        while(1)
  15   1        {
  16   2          if(P2 & 0x08)
  17   2            {
  18   3              P1= 0x80;
  19   3              for (j= 0; j< 8 ; j++)
  20   3              {
  21   4              P1=P1>>1; 
  22   4              P1= P1+ 0x80;
  23   4              delay();
  24   4              }
  25   3            }
  26   2          else if (P2 & 0x04)
  27   2          {
  28   3            P1 = 0x00;
  29   3            delay1();
  30   3            P1 = 0xFF;
  31   3            delay1();
  32   3          }
  33   2          else if (P2 & 0x02)
  34   2          { 
  35   3            P1=0xAA; 
  36   3            delay();
  37   3            P1= ~P1;
  38   3            delay();
  39   3          }
  40   2          else if (P2  == 0x00)
  41   2          {
  42   3              P1= 0x01;
  43   3              delay();
  44   3              for (j= 0; j< 8 ; j++)
  45   3              {
  46   4              P1 = P1<<1; 
  47   4              delay();
  48   4              } 
  49   3          }
  50   2        }
  51   1      }
  52          void delay(void)
  53          {
  54   1        for (i=0; i<10000; i++)
C51 COMPILER V9.60.0.0   LAB2                                                              01/23/2020 09:53:27 PAGE 2   

  55   1        {
  56   2          ;
  57   2        }
  58   1      }
  59          void delay1(void)
  60          {
  61   1        for (i=0; i<50000; i++)
  62   1        {
  63   2          ;
  64   2        }
  65   1      }


MODULE INFORMATION:   STATIC OVERLAYABLE
   CODE SIZE        =    197    ----
   CONSTANT SIZE    =   ----    ----
   XDATA SIZE       =   ----    ----
   PDATA SIZE       =   ----    ----
   DATA SIZE        =      2       2
   IDATA SIZE       =   ----    ----
   BIT SIZE         =   ----    ----
END OF MODULE INFORMATION.


C51 COMPILATION COMPLETE.  0 WARNING(S),  0 ERROR(S)
